C:\Program Files\Microsoft Visual Studio\2022\Community\MSBuild\Microsoft\VC\v170\Microsoft.CppClean.targets(77,5): warning : The process cannot access the file 'c:\users\kyeou\dropbox\pc (2)\desktop\stuff on github\kyeou-c\using openxlsx\build\openxlsx\openxlsx\cmakefiles\generate.stamp' because it is being used by another process.
  Building Custom Rule C:/Users/kyeou/Dropbox/PC (2)/Desktop/Stuff On Github/Kyeou-C/using openxlsx/OpenXLSX/OpenXLSX/CMakeLists.txt
  XLCell.cpp
C:\Users\kyeou\Dropbox\PC (2)\Desktop\Stuff On Github\Kyeou-C\using openxlsx\OpenXLSX\OpenXLSX\headers\XLCellValue.hpp(247,51): warning C4101: 'e': unreferenced local variable
C:\Users\kyeou\Dropbox\PC (2)\Desktop\Stuff On Github\Kyeou-C\using openxlsx\OpenXLSX\OpenXLSX\headers\XLCellValue.hpp(616): message : see reference to function template instantiation 'T OpenXLSX::XLCellValue::get<bool,0x0>(void) const' being compiled
          with
          [
              T=bool
          ]
  XLCellIterator.cpp
C:\Users\kyeou\Dropbox\PC (2)\Desktop\Stuff On Github\Kyeou-C\using openxlsx\OpenXLSX\OpenXLSX\headers\XLCellValue.hpp(247,51): warning C4101: 'e': unreferenced local variable
C:\Users\kyeou\Dropbox\PC (2)\Desktop\Stuff On Github\Kyeou-C\using openxlsx\OpenXLSX\OpenXLSX\headers\XLCellValue.hpp(616): message : see reference to function template instantiation 'T OpenXLSX::XLCellValue::get<bool,0x0>(void) const' being compiled
          with
          [
              T=bool
          ]
  XLCellRange.cpp
C:\Users\kyeou\Dropbox\PC (2)\Desktop\Stuff On Github\Kyeou-C\using openxlsx\OpenXLSX\OpenXLSX\headers\XLCellValue.hpp(247,51): warning C4101: 'e': unreferenced local variable
C:\Users\kyeou\Dropbox\PC (2)\Desktop\Stuff On Github\Kyeou-C\using openxlsx\OpenXLSX\OpenXLSX\headers\XLCellValue.hpp(616): message : see reference to function template instantiation 'T OpenXLSX::XLCellValue::get<bool,0x0>(void) const' being compiled
          with
          [
              T=bool
          ]
  XLCellReference.cpp
  XLCellValue.cpp
C:\Users\kyeou\Dropbox\PC (2)\Desktop\Stuff On Github\Kyeou-C\using openxlsx\OpenXLSX\OpenXLSX\headers\XLCellValue.hpp(247,51): warning C4101: 'e': unreferenced local variable
C:\Users\kyeou\Dropbox\PC (2)\Desktop\Stuff On Github\Kyeou-C\using openxlsx\OpenXLSX\OpenXLSX\headers\XLCellValue.hpp(616): message : see reference to function template instantiation 'T OpenXLSX::XLCellValue::get<bool,0x0>(void) const' being compiled
          with
          [
              T=bool
          ]
  XLColor.cpp
  XLColumn.cpp
  XLContentTypes.cpp
  XLDateTime.cpp
  XLDocument.cpp
C:\Users\kyeou\Dropbox\PC (2)\Desktop\Stuff On Github\Kyeou-C\using openxlsx\OpenXLSX\OpenXLSX\sources\XLDocument.cpp(662,26): warning C4834: discarding return value of function with 'nodiscard' attribute
C:\Users\kyeou\Dropbox\PC (2)\Desktop\Stuff On Github\Kyeou-C\using openxlsx\OpenXLSX\OpenXLSX\headers\XLCellValue.hpp(247,51): warning C4101: 'e': unreferenced local variable
C:\Users\kyeou\Dropbox\PC (2)\Desktop\Stuff On Github\Kyeou-C\using openxlsx\OpenXLSX\OpenXLSX\headers\XLCellValue.hpp(616): message : see reference to function template instantiation 'T OpenXLSX::XLCellValue::get<bool,0x0>(void) const' being compiled
          with
          [
              T=bool
          ]
  XLFormula.cpp
  XLProperties.cpp
  XLRelationships.cpp
  XLRow.cpp
C:\Users\kyeou\Dropbox\PC (2)\Desktop\Stuff On Github\Kyeou-C\using openxlsx\OpenXLSX\OpenXLSX\headers\XLCellValue.hpp(247,51): warning C4101: 'e': unreferenced local variable
C:\Users\kyeou\Dropbox\PC (2)\Desktop\Stuff On Github\Kyeou-C\using openxlsx\OpenXLSX\OpenXLSX\headers\XLCellValue.hpp(616): message : see reference to function template instantiation 'T OpenXLSX::XLCellValue::get<bool,0x0>(void) const' being compiled
          with
          [
              T=bool
          ]
  XLRowData.cpp
C:\Users\kyeou\Dropbox\PC (2)\Desktop\Stuff On Github\Kyeou-C\using openxlsx\OpenXLSX\OpenXLSX\headers\XLCellValue.hpp(247,51): warning C4101: 'e': unreferenced local variable
C:\Users\kyeou\Dropbox\PC (2)\Desktop\Stuff On Github\Kyeou-C\using openxlsx\OpenXLSX\OpenXLSX\headers\XLCellValue.hpp(616): message : see reference to function template instantiation 'T OpenXLSX::XLCellValue::get<bool,0x0>(void) const' being compiled
          with
          [
              T=bool
          ]
  XLSharedStrings.cpp
  XLSheet.cpp
C:\Users\kyeou\Dropbox\PC (2)\Desktop\Stuff On Github\Kyeou-C\using openxlsx\OpenXLSX\OpenXLSX\headers\XLCellValue.hpp(247,51): warning C4101: 'e': unreferenced local variable
C:\Users\kyeou\Dropbox\PC (2)\Desktop\Stuff On Github\Kyeou-C\using openxlsx\OpenXLSX\OpenXLSX\headers\XLCellValue.hpp(616): message : see reference to function template instantiation 'T OpenXLSX::XLCellValue::get<bool,0x0>(void) const' being compiled
          with
          [
              T=bool
          ]
C:\Program Files\Microsoft Visual Studio\2022\Community\VC\Tools\MSVC\14.30.30705\include\xmemory(674,1): warning C4242: 'initializing': conversion from '_Ty' to '_Objty', possible loss of data
          with
          [
              _Ty=unsigned int
          ]
          and
          [
              _Objty=short
          ]
C:\Program Files\Microsoft Visual Studio\2022\Community\VC\Tools\MSVC\14.30.30705\include\vector(592): message : see reference to function template instantiation 'void std::_Default_allocator_traits<_Alloc>::construct<_Ty,unsigned int>(_Alloc &,_Objty *const ,unsigned int &&)' being compiled
          with
          [
              _Alloc=std::allocator<int16_t>,
              _Ty=short,
              _Objty=short
          ]
C:\Program Files\Microsoft Visual Studio\2022\Community\VC\Tools\MSVC\14.30.30705\include\vector(597): message : see reference to function template instantiation 'void std::_Default_allocator_traits<_Alloc>::construct<_Ty,unsigned int>(_Alloc &,_Objty *const ,unsigned int &&)' being compiled
          with
          [
              _Alloc=std::allocator<int16_t>,
              _Ty=short,
              _Objty=short
          ]
C:\Program Files\Microsoft Visual Studio\2022\Community\VC\Tools\MSVC\14.30.30705\include\vector(610): message : see reference to function template instantiation '_Ty &std::vector<_Ty,std::allocator<_Ty>>::_Emplace_back_with_unused_capacity<unsigned int>(unsigned int &&)' being compiled
          with
          [
              _Ty=int16_t
          ]
C:\Users\kyeou\Dropbox\PC (2)\Desktop\Stuff On Github\Kyeou-C\using openxlsx\OpenXLSX\OpenXLSX\sources\XLSheet.cpp(492): message : see reference to function template instantiation '_Ty &std::vector<_Ty,std::allocator<_Ty>>::emplace_back<unsigned int>(unsigned int &&)' being compiled
          with
          [
              _Ty=int16_t
          ]
  XLWorkbook.cpp
C:\Users\kyeou\Dropbox\PC (2)\Desktop\Stuff On Github\Kyeou-C\using openxlsx\OpenXLSX\OpenXLSX\sources\XLWorkbook.cpp(331,24): warning C4389: '==': signed/unsigned mismatch
C:\Users\kyeou\Dropbox\PC (2)\Desktop\Stuff On Github\Kyeou-C\using openxlsx\OpenXLSX\OpenXLSX\headers\XLCellValue.hpp(247,51): warning C4101: 'e': unreferenced local variable
C:\Users\kyeou\Dropbox\PC (2)\Desktop\Stuff On Github\Kyeou-C\using openxlsx\OpenXLSX\OpenXLSX\headers\XLCellValue.hpp(616): message : see reference to function template instantiation 'T OpenXLSX::XLCellValue::get<bool,0x0>(void) const' being compiled
          with
          [
              T=bool
          ]
  XLXmlData.cpp
  XLXmlFile.cpp
  Generating Code...
  Compiling...
  XLZipArchive.cpp
  Generating Code...
  OpenXLSX.vcxproj -> C:\Users\kyeou\Dropbox\PC (2)\Desktop\Stuff On Github\Kyeou-C\using openxlsx\build\output\Debug\OpenXLSXd.lib
