c:\users\kyeou\dropbox\pc (2)\desktop\stuff on github\kyeou-c\using openxlsx\build\output\debug\openxlsxd.pdb
c:\users\kyeou\dropbox\pc (2)\desktop\stuff on github\kyeou-c\using openxlsx\build\openxlsx\openxlsx\openxlsx.dir\debug\xlxmlfile.obj
c:\users\kyeou\dropbox\pc (2)\desktop\stuff on github\kyeou-c\using openxlsx\build\openxlsx\openxlsx\openxlsx.dir\debug\xlxmldata.obj
c:\users\kyeou\dropbox\pc (2)\desktop\stuff on github\kyeou-c\using openxlsx\build\openxlsx\openxlsx\openxlsx.dir\debug\xlworkbook.obj
c:\users\kyeou\dropbox\pc (2)\desktop\stuff on github\kyeou-c\using openxlsx\build\openxlsx\openxlsx\openxlsx.dir\debug\xlsheet.obj
c:\users\kyeou\dropbox\pc (2)\desktop\stuff on github\kyeou-c\using openxlsx\build\openxlsx\openxlsx\openxlsx.dir\debug\xlsharedstrings.obj
c:\users\kyeou\dropbox\pc (2)\desktop\stuff on github\kyeou-c\using openxlsx\build\openxlsx\openxlsx\openxlsx.dir\debug\xlrowdata.obj
c:\users\kyeou\dropbox\pc (2)\desktop\stuff on github\kyeou-c\using openxlsx\build\openxlsx\openxlsx\openxlsx.dir\debug\xlrow.obj
c:\users\kyeou\dropbox\pc (2)\desktop\stuff on github\kyeou-c\using openxlsx\build\openxlsx\openxlsx\openxlsx.dir\debug\xlrelationships.obj
c:\users\kyeou\dropbox\pc (2)\desktop\stuff on github\kyeou-c\using openxlsx\build\openxlsx\openxlsx\openxlsx.dir\debug\xlproperties.obj
c:\users\kyeou\dropbox\pc (2)\desktop\stuff on github\kyeou-c\using openxlsx\build\openxlsx\openxlsx\openxlsx.dir\debug\xlformula.obj
c:\users\kyeou\dropbox\pc (2)\desktop\stuff on github\kyeou-c\using openxlsx\build\openxlsx\openxlsx\openxlsx.dir\debug\xldocument.obj
c:\users\kyeou\dropbox\pc (2)\desktop\stuff on github\kyeou-c\using openxlsx\build\openxlsx\openxlsx\openxlsx.dir\debug\xldatetime.obj
c:\users\kyeou\dropbox\pc (2)\desktop\stuff on github\kyeou-c\using openxlsx\build\openxlsx\openxlsx\openxlsx.dir\debug\xlcontenttypes.obj
c:\users\kyeou\dropbox\pc (2)\desktop\stuff on github\kyeou-c\using openxlsx\build\openxlsx\openxlsx\openxlsx.dir\debug\xlcolumn.obj
c:\users\kyeou\dropbox\pc (2)\desktop\stuff on github\kyeou-c\using openxlsx\build\openxlsx\openxlsx\openxlsx.dir\debug\xlcolor.obj
c:\users\kyeou\dropbox\pc (2)\desktop\stuff on github\kyeou-c\using openxlsx\build\openxlsx\openxlsx\openxlsx.dir\debug\xlcellvalue.obj
c:\users\kyeou\dropbox\pc (2)\desktop\stuff on github\kyeou-c\using openxlsx\build\openxlsx\openxlsx\openxlsx.dir\debug\xlcellreference.obj
c:\users\kyeou\dropbox\pc (2)\desktop\stuff on github\kyeou-c\using openxlsx\build\openxlsx\openxlsx\openxlsx.dir\debug\xlcellrange.obj
c:\users\kyeou\dropbox\pc (2)\desktop\stuff on github\kyeou-c\using openxlsx\build\openxlsx\openxlsx\openxlsx.dir\debug\xlcelliterator.obj
c:\users\kyeou\dropbox\pc (2)\desktop\stuff on github\kyeou-c\using openxlsx\build\openxlsx\openxlsx\openxlsx.dir\debug\xlcell.obj
c:\users\kyeou\dropbox\pc (2)\desktop\stuff on github\kyeou-c\using openxlsx\build\openxlsx\openxlsx\openxlsx.dir\debug\xlziparchive.obj
c:\users\kyeou\dropbox\pc (2)\desktop\stuff on github\kyeou-c\using openxlsx\build\openxlsx\openxlsx\cmakefiles\generate.stamp
c:\users\kyeou\dropbox\pc (2)\desktop\stuff on github\kyeou-c\using openxlsx\build\output\debug\openxlsxd.lib
c:\users\kyeou\dropbox\pc (2)\desktop\stuff on github\kyeou-c\using openxlsx\build\openxlsx\openxlsx\openxlsx.dir\debug\openxlsx.tlog\cl.command.1.tlog
c:\users\kyeou\dropbox\pc (2)\desktop\stuff on github\kyeou-c\using openxlsx\build\openxlsx\openxlsx\openxlsx.dir\debug\openxlsx.tlog\cl.read.1.tlog
c:\users\kyeou\dropbox\pc (2)\desktop\stuff on github\kyeou-c\using openxlsx\build\openxlsx\openxlsx\openxlsx.dir\debug\openxlsx.tlog\cl.write.1.tlog
c:\users\kyeou\dropbox\pc (2)\desktop\stuff on github\kyeou-c\using openxlsx\build\openxlsx\openxlsx\openxlsx.dir\debug\openxlsx.tlog\custombuild.command.1.tlog
c:\users\kyeou\dropbox\pc (2)\desktop\stuff on github\kyeou-c\using openxlsx\build\openxlsx\openxlsx\openxlsx.dir\debug\openxlsx.tlog\custombuild.read.1.tlog
c:\users\kyeou\dropbox\pc (2)\desktop\stuff on github\kyeou-c\using openxlsx\build\openxlsx\openxlsx\openxlsx.dir\debug\openxlsx.tlog\custombuild.write.1.tlog
c:\users\kyeou\dropbox\pc (2)\desktop\stuff on github\kyeou-c\using openxlsx\build\openxlsx\openxlsx\openxlsx.dir\debug\openxlsx.tlog\lib-link.read.1.tlog
c:\users\kyeou\dropbox\pc (2)\desktop\stuff on github\kyeou-c\using openxlsx\build\openxlsx\openxlsx\openxlsx.dir\debug\openxlsx.tlog\lib-link.write.1.tlog
c:\users\kyeou\dropbox\pc (2)\desktop\stuff on github\kyeou-c\using openxlsx\build\openxlsx\openxlsx\openxlsx.dir\debug\openxlsx.tlog\lib.command.1.tlog
